2019-09-24 21:29:05,982  INFO [main] nopCommerceSDET:33 - ************* Launching Browser *****************
2019-09-24 21:29:06,013  INFO [main] nopCommerceSDET:39 - ************* Opening URL  *****************
2019-09-24 21:29:09,761  INFO [main] nopCommerceSDET:46 - ************* Prvding user and password *****************
2019-09-24 21:29:10,175  INFO [main] nopCommerceSDET:53 - ************* click on login *****************
2019-09-24 21:29:17,120  INFO [main] nopCommerceSDET:94 - ********* Verifying Dashboad page title after login successful **************
2019-09-24 21:29:20,155  INFO [main] nopCommerceSDET:101 - ********* Clicking on customer main menu **************
2019-09-24 21:29:22,294  INFO [main] nopCommerceSDET:108 - ********* Clicking on customer sub menu **************
2019-09-24 21:29:34,916  INFO [main] nopCommerceSDET:145 - ********* Saving customer details **************
2019-09-24 21:29:39,107  INFO [main] nopCommerceSDET:84 - ************* cloding browser *****************
2019-09-24 21:29:42,151  INFO [main] nopCommerceSDET:33 - ************* Launching Browser *****************
2019-09-24 21:29:42,153  INFO [main] nopCommerceSDET:39 - ************* Opening URL  *****************
2019-09-24 21:29:44,922  INFO [main] nopCommerceSDET:46 - ************* Prvding user and password *****************
2019-09-24 21:29:45,318  INFO [main] nopCommerceSDET:53 - ************* click on login *****************
2019-09-24 21:29:51,379  INFO [main] nopCommerceSDET:94 - ********* Verifying Dashboad page title after login successful **************
2019-09-24 21:29:54,412  INFO [main] nopCommerceSDET:101 - ********* Clicking on customer main menu **************
2019-09-24 21:29:56,514  INFO [main] nopCommerceSDET:108 - ********* Clicking on customer sub menu **************
2019-09-24 21:29:57,856  INFO [main] nopCommerceSDET:160 - ********* Searching customer details by Email **************
2019-09-24 21:30:01,568  INFO [main] nopCommerceSDET:84 - ************* cloding browser *****************
2019-09-24 21:30:04,727  INFO [main] nopCommerceSDET:33 - ************* Launching Browser *****************
2019-09-24 21:30:04,730  INFO [main] nopCommerceSDET:39 - ************* Opening URL  *****************
2019-09-24 21:30:07,464  INFO [main] nopCommerceSDET:46 - ************* Prvding user and password *****************
2019-09-24 21:30:07,916  INFO [main] nopCommerceSDET:53 - ************* click on login *****************
2019-09-24 21:30:14,057  INFO [main] nopCommerceSDET:68 - ************* Login Passed *****************
2019-09-24 21:30:17,072  INFO [main] nopCommerceSDET:77 - ************* clciking on logout *****************
2019-09-24 21:30:21,708  INFO [main] nopCommerceSDET:68 - ************* Login Passed *****************
2019-09-24 21:30:24,719  INFO [main] nopCommerceSDET:84 - ************* cloding browser *****************
2019-09-24 21:43:04,275  INFO [main] nopCommerceSDET:62 - ************* Launching Browser *****************
2019-09-24 21:43:04,388  INFO [main] nopCommerceSDET:68 - ************* Opening URL  *****************
2019-09-24 21:43:07,442  INFO [main] nopCommerceSDET:75 - ************* Prvding user and password *****************
2019-09-24 21:43:07,629  INFO [main] nopCommerceSDET:82 - ************* click on login *****************
2019-09-24 21:43:15,948  INFO [main] nopCommerceSDET:123 - ********* Verifying Dashboad page title after login successful **************
2019-09-24 21:43:18,970  INFO [main] nopCommerceSDET:130 - ********* Clicking on customer main menu **************
2019-09-24 21:43:21,240  INFO [main] nopCommerceSDET:137 - ********* Clicking on customer sub menu **************
2019-09-24 21:43:36,019  INFO [main] nopCommerceSDET:174 - ********* Saving customer details **************
2019-09-24 21:43:41,304  INFO [main] nopCommerceSDET:113 - ************* cloding browser *****************
2019-09-24 21:43:51,860  INFO [main] nopCommerceSDET:62 - ************* Launching Browser *****************
2019-09-24 21:43:51,863  INFO [main] nopCommerceSDET:68 - ************* Opening URL  *****************
2019-09-24 21:43:55,183  INFO [main] nopCommerceSDET:75 - ************* Prvding user and password *****************
2019-09-24 21:43:55,423  INFO [main] nopCommerceSDET:82 - ************* click on login *****************
2019-09-24 21:44:08,100  INFO [main] nopCommerceSDET:123 - ********* Verifying Dashboad page title after login successful **************
2019-09-24 21:44:11,119  INFO [main] nopCommerceSDET:130 - ********* Clicking on customer main menu **************
2019-09-24 21:44:13,411  INFO [main] nopCommerceSDET:137 - ********* Clicking on customer sub menu **************
2019-09-24 21:44:15,250  INFO [main] nopCommerceSDET:189 - ********* Searching customer details by Email **************
2019-09-24 21:44:19,031  INFO [main] nopCommerceSDET:113 - ************* cloding browser *****************
2019-09-24 21:44:26,264  INFO [main] nopCommerceSDET:62 - ************* Launching Browser *****************
2019-09-24 21:44:26,275  INFO [main] nopCommerceSDET:68 - ************* Opening URL  *****************
2019-09-24 21:44:28,285  INFO [main] nopCommerceSDET:75 - ************* Prvding user and password *****************
2019-09-24 21:44:28,498  INFO [main] nopCommerceSDET:82 - ************* click on login *****************
2019-09-24 21:44:34,533  INFO [main] nopCommerceSDET:97 - ************* Login Passed *****************
2019-09-24 21:44:37,546  INFO [main] nopCommerceSDET:106 - ************* clciking on logout *****************
2019-09-24 21:44:42,088  INFO [main] nopCommerceSDET:97 - ************* Login Passed *****************
2019-09-24 21:44:45,098  INFO [main] nopCommerceSDET:113 - ************* cloding browser *****************
2019-09-24 21:53:34,775  INFO [main] nopCommerceSDET:62 - ************* Launching Browser *****************
2019-09-24 21:53:34,953  INFO [main] nopCommerceSDET:68 - ************* Opening URL  *****************
2019-09-24 21:53:38,470  INFO [main] nopCommerceSDET:75 - ************* Prvding user and password *****************
2019-09-24 21:53:38,747  INFO [main] nopCommerceSDET:82 - ************* click on login *****************
2019-09-24 21:53:46,860  INFO [main] nopCommerceSDET:123 - ********* Verifying Dashboad page title after login successful **************
2019-09-24 21:53:49,879  INFO [main] nopCommerceSDET:130 - ********* Clicking on customer main menu **************
2019-09-24 21:53:52,158  INFO [main] nopCommerceSDET:137 - ********* Clicking on customer sub menu **************
2019-09-24 21:54:05,797  INFO [main] nopCommerceSDET:174 - ********* Saving customer details **************
2019-09-24 21:54:11,194  INFO [main] nopCommerceSDET:113 - ************* cloding browser *****************
2019-09-24 21:54:19,851  INFO [main] nopCommerceSDET:62 - ************* Launching Browser *****************
2019-09-24 21:54:19,854  INFO [main] nopCommerceSDET:68 - ************* Opening URL  *****************
2019-09-24 21:54:22,091  INFO [main] nopCommerceSDET:75 - ************* Prvding user and password *****************
2019-09-24 21:54:22,275  INFO [main] nopCommerceSDET:82 - ************* click on login *****************
2019-09-24 21:54:27,912  INFO [main] nopCommerceSDET:97 - ************* Login Passed *****************
2019-09-24 21:54:30,927  INFO [main] nopCommerceSDET:106 - ************* clciking on logout *****************
2019-09-24 21:54:35,514  INFO [main] nopCommerceSDET:97 - ************* Login Passed *****************
2019-09-24 21:54:38,525  INFO [main] nopCommerceSDET:113 - ************* cloding browser *****************
2019-09-24 21:57:25,321  INFO [main] nopCommerceSDET:62 - ************* Launching Browser *****************
2019-09-24 21:57:25,386  INFO [main] nopCommerceSDET:68 - ************* Opening URL  *****************
2019-09-24 21:57:29,100  INFO [main] nopCommerceSDET:75 - ************* Prvding user and password *****************
2019-09-24 21:57:29,556  INFO [main] nopCommerceSDET:82 - ************* click on login *****************
2019-09-24 21:57:36,132  INFO [main] nopCommerceSDET:123 - ********* Verifying Dashboad page title after login successful **************
2019-09-24 21:57:39,161  INFO [main] nopCommerceSDET:130 - ********* Clicking on customer main menu **************
2019-09-24 21:57:41,302  INFO [main] nopCommerceSDET:137 - ********* Clicking on customer sub menu **************
2019-09-24 21:57:55,252  INFO [main] nopCommerceSDET:174 - ********* Saving customer details **************
2019-09-24 21:57:59,807  INFO [main] nopCommerceSDET:113 - ************* cloding browser *****************
2019-09-24 21:58:03,099  INFO [main] nopCommerceSDET:62 - ************* Launching Browser *****************
2019-09-24 21:58:03,103  INFO [main] nopCommerceSDET:68 - ************* Opening URL  *****************
2019-09-24 21:58:05,783  INFO [main] nopCommerceSDET:75 - ************* Prvding user and password *****************
2019-09-24 21:58:06,162  INFO [main] nopCommerceSDET:82 - ************* click on login *****************
2019-09-24 21:58:10,970  INFO [main] nopCommerceSDET:97 - ************* Login Passed *****************
2019-09-24 21:58:14,058  INFO [main] nopCommerceSDET:106 - ************* clciking on logout *****************
2019-09-24 21:58:18,564  INFO [main] nopCommerceSDET:97 - ************* Login Passed *****************
2019-09-24 21:58:21,580  INFO [main] nopCommerceSDET:113 - ************* cloding browser *****************
2019-09-24 22:00:00,634  INFO [main] nopCommerceSDET:62 - ************* Launching Browser *****************
2019-09-24 22:00:00,743  INFO [main] nopCommerceSDET:68 - ************* Opening URL  *****************
2019-09-24 22:00:06,151  INFO [main] nopCommerceSDET:75 - ************* Prvding user and password *****************
2019-09-24 22:00:06,603  INFO [main] nopCommerceSDET:82 - ************* click on login *****************
2019-09-24 22:00:29,387  INFO [main] nopCommerceSDET:123 - ********* Verifying Dashboad page title after login successful **************
2019-09-24 22:00:32,518  INFO [main] nopCommerceSDET:130 - ********* Clicking on customer main menu **************
2019-09-24 22:00:34,702  INFO [main] nopCommerceSDET:137 - ********* Clicking on customer sub menu **************
2019-09-24 22:00:50,194  INFO [main] nopCommerceSDET:174 - ********* Saving customer details **************
2019-09-24 22:00:55,005  INFO [main] nopCommerceSDET:113 - ************* cloding browser *****************
2019-09-24 22:00:58,326  INFO [main] nopCommerceSDET:62 - ************* Launching Browser *****************
2019-09-24 22:00:58,327  INFO [main] nopCommerceSDET:68 - ************* Opening URL  *****************
2019-09-24 22:01:02,171  INFO [main] nopCommerceSDET:75 - ************* Prvding user and password *****************
2019-09-24 22:01:02,615  INFO [main] nopCommerceSDET:82 - ************* click on login *****************
2019-09-24 22:01:10,604  INFO [main] nopCommerceSDET:97 - ************* Login Passed *****************
2019-09-24 22:01:13,696  INFO [main] nopCommerceSDET:106 - ************* clciking on logout *****************
2019-09-24 22:01:19,540  INFO [main] nopCommerceSDET:97 - ************* Login Passed *****************
2019-09-24 22:01:22,560  INFO [main] nopCommerceSDET:113 - ************* cloding browser *****************
2019-09-24 22:06:50,066  INFO [main] nopCommerceSDET:62 - ************* Launching Browser *****************
2019-09-24 22:06:50,120  INFO [main] nopCommerceSDET:68 - ************* Opening URL  *****************
2019-09-24 22:06:54,835  INFO [main] nopCommerceSDET:75 - ************* Prvding user and password *****************
2019-09-24 22:06:55,272  INFO [main] nopCommerceSDET:82 - ************* click on login *****************
2019-09-24 22:07:02,089  INFO [main] nopCommerceSDET:123 - ********* Verifying Dashboad page title after login successful **************
2019-09-24 22:07:05,112  INFO [main] nopCommerceSDET:130 - ********* Clicking on customer main menu **************
2019-09-24 22:07:07,213  INFO [main] nopCommerceSDET:137 - ********* Clicking on customer sub menu **************
2019-09-24 22:07:20,301  INFO [main] nopCommerceSDET:174 - ********* Saving customer details **************
2019-09-24 22:07:24,646  INFO [main] nopCommerceSDET:113 - ************* cloding browser *****************
2019-09-24 22:07:27,888  INFO [main] nopCommerceSDET:62 - ************* Launching Browser *****************
2019-09-24 22:07:27,890  INFO [main] nopCommerceSDET:68 - ************* Opening URL  *****************
2019-09-24 22:07:31,890  INFO [main] nopCommerceSDET:75 - ************* Prvding user and password *****************
2019-09-24 22:07:32,340  INFO [main] nopCommerceSDET:82 - ************* click on login *****************
2019-09-24 22:07:38,918  INFO [main] nopCommerceSDET:97 - ************* Login Passed *****************
2019-09-24 22:07:42,037  INFO [main] nopCommerceSDET:106 - ************* clciking on logout *****************
2019-09-24 22:07:46,555  INFO [main] nopCommerceSDET:97 - ************* Login Passed *****************
2019-09-24 22:07:49,582  INFO [main] nopCommerceSDET:113 - ************* cloding browser *****************
2019-09-24 22:11:20,734  INFO [main] nopCommerceSDET:62 - ************* Launching Browser *****************
2019-09-24 22:11:20,779  INFO [main] nopCommerceSDET:68 - ************* Opening URL  *****************
2019-09-24 22:11:24,655  INFO [main] nopCommerceSDET:75 - ************* Prvding user and password *****************
2019-09-24 22:11:25,030  INFO [main] nopCommerceSDET:82 - ************* click on login *****************
2019-09-24 22:11:31,080  INFO [main] nopCommerceSDET:123 - ********* Verifying Dashboad page title after login successful **************
2019-09-24 22:11:34,105  INFO [main] nopCommerceSDET:130 - ********* Clicking on customer main menu **************
2019-09-24 22:11:36,208  INFO [main] nopCommerceSDET:137 - ********* Clicking on customer sub menu **************
2019-09-24 22:11:49,406  INFO [main] nopCommerceSDET:174 - ********* Saving customer details **************
2019-09-24 22:11:53,593  INFO [main] nopCommerceSDET:113 - ************* cloding browser *****************
2019-09-24 22:11:56,891  INFO [main] nopCommerceSDET:62 - ************* Launching Browser *****************
2019-09-24 22:11:56,893  INFO [main] nopCommerceSDET:68 - ************* Opening URL  *****************
2019-09-24 22:12:00,762  INFO [main] nopCommerceSDET:75 - ************* Prvding user and password *****************
2019-09-24 22:12:01,181  INFO [main] nopCommerceSDET:82 - ************* click on login *****************
2019-09-24 22:12:07,503  INFO [main] nopCommerceSDET:97 - ************* Login Passed *****************
2019-09-24 22:12:10,523  INFO [main] nopCommerceSDET:106 - ************* clciking on logout *****************
2019-09-24 22:12:15,036  INFO [main] nopCommerceSDET:97 - ************* Login Passed *****************
2019-09-24 22:12:18,051  INFO [main] nopCommerceSDET:113 - ************* cloding browser *****************
2025-08-17 15:52:34,902  INFO [main] nopCommerceSDET:62 - ************* Launching Browser *****************
2025-08-17 15:52:34,943  INFO [main] nopCommerceSDET:68 - ************* Opening URL  *****************
2025-08-17 15:52:36,135  INFO [main] nopCommerceSDET:75 - ************* Prvding user and password *****************
2025-08-17 15:52:36,583  INFO [main] nopCommerceSDET:82 - ************* click on login *****************
2025-08-17 15:52:39,381  INFO [main] nopCommerceSDET:62 - ************* Launching Browser *****************
2025-08-17 15:52:39,385  INFO [main] nopCommerceSDET:68 - ************* Opening URL  *****************
2025-08-17 15:52:40,253  INFO [main] nopCommerceSDET:75 - ************* Prvding user and password *****************
2025-08-17 15:52:41,120  INFO [main] nopCommerceSDET:82 - ************* click on login *****************
2025-08-18 17:59:15,372  INFO [main] nopCommerceSDET:62 - ************* Launching Browser *****************
2025-08-18 17:59:15,399  INFO [main] nopCommerceSDET:68 - ************* Opening URL  *****************
2025-08-18 17:59:16,219  INFO [main] nopCommerceSDET:75 - ************* Prvding user and password *****************
2025-08-18 17:59:16,691  INFO [main] nopCommerceSDET:82 - ************* click on login *****************
2025-08-18 17:59:18,592  INFO [main] nopCommerceSDET:62 - ************* Launching Browser *****************
2025-08-18 17:59:18,594  INFO [main] nopCommerceSDET:68 - ************* Opening URL  *****************
2025-08-18 17:59:19,468  INFO [main] nopCommerceSDET:75 - ************* Prvding user and password *****************
2025-08-18 17:59:20,368  INFO [main] nopCommerceSDET:82 - ************* click on login *****************
2025-08-18 18:16:55,175  INFO [main] nopCommerceSDET:62 - ************* Launching Browser *****************
2025-08-18 18:16:55,215  INFO [main] nopCommerceSDET:68 - ************* Opening URL  *****************
2025-08-18 18:16:56,162  INFO [main] nopCommerceSDET:75 - ************* Prvding user and password *****************
2025-08-18 18:16:56,680  INFO [main] nopCommerceSDET:82 - ************* click on login *****************
2025-08-18 18:17:00,764  INFO [main] nopCommerceSDET:97 - ************* Login Passed *****************
2025-08-18 18:17:03,789  INFO [main] nopCommerceSDET:106 - ************* clciking on logout *****************
2025-08-18 18:17:08,412  INFO [main] nopCommerceSDET:97 - ************* Login Passed *****************
2025-08-18 18:19:19,752  INFO [main] nopCommerceSDET:62 - ************* Launching Browser *****************
2025-08-18 18:19:19,821  INFO [main] nopCommerceSDET:68 - ************* Opening URL  *****************
2025-08-18 18:19:20,650  INFO [main] nopCommerceSDET:75 - ************* Prvding user and password *****************
2025-08-18 18:19:21,066  INFO [main] nopCommerceSDET:82 - ************* click on login *****************
2025-08-18 18:19:24,346  INFO [main] nopCommerceSDET:97 - ************* Login Passed *****************
2025-08-18 18:19:27,359  INFO [main] nopCommerceSDET:106 - ************* clciking on logout *****************
2025-08-18 18:19:32,810  INFO [main] nopCommerceSDET:97 - ************* Login Passed *****************
2025-08-18 18:19:35,832  INFO [main] nopCommerceSDET:113 - ************* cloding browser *****************
2025-08-18 18:26:11,805  INFO [main] nopCommerceSDET:62 - ************* Launching Browser *****************
2025-08-18 18:26:11,844  INFO [main] nopCommerceSDET:68 - ************* Opening URL  *****************
2025-08-18 18:26:13,039  INFO [main] nopCommerceSDET:75 - ************* Prvding user and password *****************
2025-08-18 18:26:13,649  INFO [main] nopCommerceSDET:82 - ************* click on login *****************
2025-08-18 18:26:17,638  INFO [main] nopCommerceSDET:97 - ************* Login Passed *****************
2025-08-18 18:26:20,659  INFO [main] nopCommerceSDET:106 - ************* clciking on logout *****************
2025-08-18 18:26:25,215  INFO [main] nopCommerceSDET:97 - ************* Login Passed *****************
2025-08-18 18:26:27,194  INFO [main] nopCommerceSDET:62 - ************* Launching Browser *****************
2025-08-18 18:26:27,195  INFO [main] nopCommerceSDET:68 - ************* Opening URL  *****************
2025-08-18 18:26:28,045  INFO [main] nopCommerceSDET:75 - ************* Prvding user and password *****************
2025-08-18 18:26:28,706  INFO [main] nopCommerceSDET:82 - ************* click on login *****************
2025-08-18 18:26:29,971  INFO [main] nopCommerceSDET:91 - ************* Login failed *****************
2025-08-18 18:27:29,564  INFO [main] nopCommerceSDET:62 - ************* Launching Browser *****************
2025-08-18 18:27:29,601  INFO [main] nopCommerceSDET:68 - ************* Opening URL  *****************
2025-08-18 18:27:30,332  INFO [main] nopCommerceSDET:75 - ************* Prvding user and password *****************
2025-08-18 18:27:30,881  INFO [main] nopCommerceSDET:82 - ************* click on login *****************
2025-08-18 18:27:33,356  INFO [main] nopCommerceSDET:97 - ************* Login Passed *****************
2025-08-18 18:27:36,376  INFO [main] nopCommerceSDET:106 - ************* clciking on logout *****************
2025-08-18 18:27:40,834  INFO [main] nopCommerceSDET:97 - ************* Login Passed *****************
2025-08-18 18:27:43,859  INFO [main] nopCommerceSDET:113 - ************* cloding browser *****************
2025-08-18 18:27:46,855  INFO [main] nopCommerceSDET:62 - ************* Launching Browser *****************
2025-08-18 18:27:46,860  INFO [main] nopCommerceSDET:68 - ************* Opening URL  *****************
2025-08-18 18:27:47,596  INFO [main] nopCommerceSDET:75 - ************* Prvding user and password *****************
2025-08-18 18:27:48,061  INFO [main] nopCommerceSDET:82 - ************* click on login *****************
2025-08-18 18:27:48,553  INFO [main] nopCommerceSDET:91 - ************* Login failed *****************
2025-08-18 18:29:37,694  INFO [main] nopCommerceSDET:62 - ************* Launching Browser *****************
2025-08-18 18:29:37,735  INFO [main] nopCommerceSDET:68 - ************* Opening URL  *****************
2025-08-18 18:29:38,462  INFO [main] nopCommerceSDET:75 - ************* Prvding user and password *****************
2025-08-18 18:29:38,866  INFO [main] nopCommerceSDET:82 - ************* click on login *****************
2025-08-18 18:29:44,581  INFO [main] nopCommerceSDET:97 - ************* Login Passed *****************
2025-08-18 18:29:47,595  INFO [main] nopCommerceSDET:106 - ************* clciking on logout *****************
2025-08-18 18:29:52,130  INFO [main] nopCommerceSDET:97 - ************* Login Passed *****************
2025-08-18 18:29:55,140  INFO [main] nopCommerceSDET:113 - ************* cloding browser *****************
2025-08-18 18:29:57,735  INFO [main] nopCommerceSDET:62 - ************* Launching Browser *****************
2025-08-18 18:29:57,737  INFO [main] nopCommerceSDET:68 - ************* Opening URL  *****************
2025-08-18 18:29:58,475  INFO [main] nopCommerceSDET:75 - ************* Prvding user and password *****************
2025-08-18 18:29:58,901  INFO [main] nopCommerceSDET:82 - ************* click on login *****************
2025-08-18 18:30:00,774  INFO [main] nopCommerceSDET:91 - ************* Login failed *****************
2025-08-18 18:33:38,707  INFO [main] nopCommerceSDET:62 - ************* Launching Browser *****************
2025-08-18 18:33:38,755  INFO [main] nopCommerceSDET:68 - ************* Opening URL  *****************
2025-08-18 18:33:39,526  INFO [main] nopCommerceSDET:75 - ************* Prvding user and password *****************
2025-08-18 18:33:40,112  INFO [main] nopCommerceSDET:82 - ************* click on login *****************
2025-08-18 18:33:42,843  INFO [main] nopCommerceSDET:97 - ************* Login Passed *****************
2025-08-18 18:33:45,868  INFO [main] nopCommerceSDET:106 - ************* clciking on logout *****************
2025-08-18 18:33:50,562  INFO [main] nopCommerceSDET:97 - ************* Login Passed *****************
2025-08-18 18:33:53,586  INFO [main] nopCommerceSDET:113 - ************* cloding browser *****************
2025-08-18 18:33:56,484  INFO [main] nopCommerceSDET:62 - ************* Launching Browser *****************
2025-08-18 18:33:56,496  INFO [main] nopCommerceSDET:68 - ************* Opening URL  *****************
2025-08-18 18:33:57,220  INFO [main] nopCommerceSDET:75 - ************* Prvding user and password *****************
2025-08-18 18:33:57,713  INFO [main] nopCommerceSDET:82 - ************* click on login *****************
2025-08-18 18:33:58,363  INFO [main] nopCommerceSDET:91 - ************* Login failed *****************
2025-08-18 18:36:28,313  INFO [main] nopCommerceSDET:62 - ************* Launching Browser *****************
2025-08-18 18:36:31,332  INFO [main] nopCommerceSDET:69 - ************* Opening URL  *****************
2025-08-18 18:36:35,570  INFO [main] nopCommerceSDET:77 - ************* Prvding user and password *****************
2025-08-18 18:36:38,809  INFO [main] nopCommerceSDET:85 - ************* click on login *****************
2025-08-18 18:36:43,965  INFO [main] nopCommerceSDET:101 - ************* Login Passed *****************
2025-08-18 18:36:46,990  INFO [main] nopCommerceSDET:110 - ************* clciking on logout *****************
2025-08-18 18:36:51,655  INFO [main] nopCommerceSDET:101 - ************* Login Passed *****************
2025-08-18 18:36:54,669  INFO [main] nopCommerceSDET:117 - ************* cloding browser *****************
2025-08-18 18:37:00,224  INFO [main] nopCommerceSDET:62 - ************* Launching Browser *****************
2025-08-18 18:37:03,240  INFO [main] nopCommerceSDET:69 - ************* Opening URL  *****************
2025-08-18 18:37:07,111  INFO [main] nopCommerceSDET:77 - ************* Prvding user and password *****************
2025-08-18 18:37:10,423  INFO [main] nopCommerceSDET:85 - ************* click on login *****************
2025-08-18 18:37:16,854  INFO [main] nopCommerceSDET:95 - ************* Login failed *****************
2025-08-18 18:38:56,958  INFO [main] nopCommerceSDET:62 - ************* Launching Browser *****************
2025-08-18 18:38:59,998  INFO [main] nopCommerceSDET:69 - ************* Opening URL  *****************
2025-08-18 18:39:04,015  INFO [main] nopCommerceSDET:77 - ************* Prvding user and password *****************
2025-08-18 18:39:07,256  INFO [main] nopCommerceSDET:85 - ************* click on login *****************
2025-08-18 18:39:13,851  INFO [main] nopCommerceSDET:101 - ************* Login Passed *****************
2025-08-18 18:39:16,861  INFO [main] nopCommerceSDET:110 - ************* clciking on logout *****************
2025-08-18 18:39:21,587  INFO [main] nopCommerceSDET:101 - ************* Login Passed *****************
2025-08-18 18:39:24,597  INFO [main] nopCommerceSDET:117 - ************* cloding browser *****************
2025-08-18 18:39:30,099  INFO [main] nopCommerceSDET:62 - ************* Launching Browser *****************
2025-08-18 18:39:33,106  INFO [main] nopCommerceSDET:69 - ************* Opening URL  *****************
2025-08-18 18:39:37,088  INFO [main] nopCommerceSDET:77 - ************* Prvding user and password *****************
2025-08-18 18:39:40,390  INFO [main] nopCommerceSDET:85 - ************* click on login *****************
2025-08-18 18:39:48,372  INFO [main] nopCommerceSDET:101 - ************* Login Passed *****************
2025-08-18 18:39:51,403  INFO [main] nopCommerceSDET:110 - ************* clciking on logout *****************
2025-08-18 18:39:56,108  INFO [main] nopCommerceSDET:101 - ************* Login Passed *****************
2025-08-18 18:39:59,111  INFO [main] nopCommerceSDET:117 - ************* cloding browser *****************
2025-08-19 12:48:55,741  INFO [main] nopCommerceSDET:62 - ************* Launching Browser *****************
2025-08-19 12:48:58,810  INFO [main] nopCommerceSDET:69 - ************* Opening URL  *****************
2025-08-19 12:49:02,598  INFO [main] nopCommerceSDET:77 - ************* Prvding user and password *****************
2025-08-19 12:49:05,970  INFO [main] nopCommerceSDET:85 - ************* click on login *****************
2025-08-19 12:49:11,924  INFO [main] nopCommerceSDET:128 - ********* Verifying Dashboad page title after login successful **************
2025-08-19 12:49:14,944  INFO [main] nopCommerceSDET:135 - ********* Clicking on customer main menu **************
2025-08-19 20:57:39,534  INFO [main] nopCommerceSDET:62 - ************* Launching Browser *****************
2025-08-19 20:57:42,589  INFO [main] nopCommerceSDET:69 - ************* Opening URL  *****************
2025-08-19 20:57:48,324  INFO [main] nopCommerceSDET:77 - ************* Prvding user and password *****************
2025-08-19 20:57:51,656  INFO [main] nopCommerceSDET:85 - ************* click on login *****************
2025-08-19 20:58:00,096  INFO [main] nopCommerceSDET:128 - ********* Verifying Dashboad page title after login successful **************
2025-08-19 20:58:03,114  INFO [main] nopCommerceSDET:135 - ********* Clicking on customer main menu **************
2025-08-19 21:13:07,503  INFO [main] nopCommerceSDET:62 - ************* Launching Browser *****************
2025-08-19 21:13:10,543  INFO [main] nopCommerceSDET:69 - ************* Opening URL  *****************
2025-08-19 21:13:15,868  INFO [main] nopCommerceSDET:77 - ************* Prvding user and password *****************
2025-08-19 21:13:19,109  INFO [main] nopCommerceSDET:85 - ************* click on login *****************
2025-08-19 21:13:25,493  INFO [main] nopCommerceSDET:128 - ********* Verifying Dashboad page title after login successful **************
2025-08-19 21:13:28,508  INFO [main] nopCommerceSDET:135 - ********* Clicking on customer main menu **************
2025-08-19 21:13:30,592  INFO [main] nopCommerceSDET:142 - ********* Clicking on customer sub menu **************
2025-08-19 21:23:41,437  INFO [main] nopCommerceSDET:62 - ************* Launching Browser *****************
2025-08-19 21:23:44,479  INFO [main] nopCommerceSDET:69 - ************* Opening URL  *****************
2025-08-19 21:23:48,861  INFO [main] nopCommerceSDET:77 - ************* Prvding user and password *****************
2025-08-19 21:23:52,133  INFO [main] nopCommerceSDET:85 - ************* click on login *****************
2025-08-19 21:23:58,358  INFO [main] nopCommerceSDET:128 - ********* Verifying Dashboad page title after login successful **************
2025-08-19 21:24:01,359  INFO [main] nopCommerceSDET:135 - ********* Clicking on customer main menu **************
2025-08-19 21:24:03,457  INFO [main] nopCommerceSDET:142 - ********* Clicking on customer sub menu **************
2025-08-19 22:04:15,202  INFO [main] nopCommerceSDET:62 - ************* Launching Browser *****************
2025-08-19 22:04:18,247  INFO [main] nopCommerceSDET:69 - ************* Opening URL  *****************
2025-08-19 22:04:26,273  INFO [main] nopCommerceSDET:77 - ************* Prvding user and password *****************
2025-08-19 22:04:29,634  INFO [main] nopCommerceSDET:85 - ************* click on login *****************
2025-08-19 22:04:36,084  INFO [main] nopCommerceSDET:128 - ********* Verifying Dashboad page title after login successful **************
2025-08-19 22:04:39,095  INFO [main] nopCommerceSDET:135 - ********* Clicking on customer main menu **************
2025-08-19 22:04:41,198  INFO [main] nopCommerceSDET:142 - ********* Clicking on customer sub menu **************
2025-08-19 22:15:22,730  INFO [main] nopCommerceSDET:62 - ************* Launching Browser *****************
2025-08-19 22:15:25,792  INFO [main] nopCommerceSDET:69 - ************* Opening URL  *****************
2025-08-19 22:15:30,205  INFO [main] nopCommerceSDET:77 - ************* Prvding user and password *****************
2025-08-19 22:15:33,456  INFO [main] nopCommerceSDET:85 - ************* click on login *****************
2025-08-19 22:15:39,954  INFO [main] nopCommerceSDET:128 - ********* Verifying Dashboad page title after login successful **************
2025-08-19 22:15:42,969  INFO [main] nopCommerceSDET:135 - ********* Clicking on customer main menu **************
2025-08-19 22:15:45,071  INFO [main] nopCommerceSDET:142 - ********* Clicking on customer sub menu **************
2025-08-19 22:15:56,487  INFO [main] nopCommerceSDET:179 - ********* Saving customer details **************
2025-08-19 22:20:12,304  INFO [main] nopCommerceSDET:62 - ************* Launching Browser *****************
2025-08-19 22:20:15,354  INFO [main] nopCommerceSDET:69 - ************* Opening URL  *****************
2025-08-19 22:20:20,622  INFO [main] nopCommerceSDET:77 - ************* Prvding user and password *****************
2025-08-19 22:20:23,853  INFO [main] nopCommerceSDET:85 - ************* click on login *****************
2025-08-19 22:20:29,193  INFO [main] nopCommerceSDET:128 - ********* Verifying Dashboad page title after login successful **************
2025-08-19 22:20:32,216  INFO [main] nopCommerceSDET:135 - ********* Clicking on customer main menu **************
2025-08-19 22:20:34,317  INFO [main] nopCommerceSDET:142 - ********* Clicking on customer sub menu **************
2025-08-19 22:20:47,961  INFO [main] nopCommerceSDET:179 - ********* Saving customer details **************
2025-08-19 22:20:50,123  INFO [main] nopCommerceSDET:117 - ************* cloding browser *****************
2025-08-20 20:07:30,837  INFO [main] nopCommerceSDET:62 - ************* Launching Browser *****************
2025-08-20 20:07:33,898  INFO [main] nopCommerceSDET:69 - ************* Opening URL  *****************
2025-08-20 20:07:38,829  INFO [main] nopCommerceSDET:77 - ************* Prvding user and password *****************
2025-08-20 20:07:42,082  INFO [main] nopCommerceSDET:85 - ************* click on login *****************
2025-08-20 20:07:48,215  INFO [main] nopCommerceSDET:128 - ********* Verifying Dashboad page title after login successful **************
2025-08-20 20:07:51,224  INFO [main] nopCommerceSDET:135 - ********* Clicking on customer main menu **************
2025-08-20 20:07:53,323  INFO [main] nopCommerceSDET:142 - ********* Clicking on customer sub menu **************
2025-08-20 20:07:54,464  INFO [main] nopCommerceSDET:194 - ********* Searching customer details by Email **************
2025-08-20 20:07:58,579  INFO [main] nopCommerceSDET:117 - ************* cloding browser *****************
2025-08-21 16:01:07,813  INFO [main] nopCommerceSDET:62 - ************* Launching Browser *****************
2025-08-21 16:01:10,854  INFO [main] nopCommerceSDET:69 - ************* Opening URL  *****************
2025-08-21 16:01:17,289  INFO [main] nopCommerceSDET:77 - ************* Prvding user and password *****************
2025-08-21 16:01:20,516  INFO [main] nopCommerceSDET:85 - ************* click on login *****************
2025-08-21 16:01:28,326  INFO [main] nopCommerceSDET:128 - ********* Verifying Dashboad page title after login successful **************
2025-08-21 16:01:31,347  INFO [main] nopCommerceSDET:135 - ********* Clicking on customer main menu **************
2025-08-21 16:01:33,464  INFO [main] nopCommerceSDET:142 - ********* Clicking on customer sub menu **************
2025-08-21 16:01:34,194  INFO [main] nopCommerceSDET:213 - ********* Searching customer details by Name **************
2025-08-21 16:01:37,973  INFO [main] nopCommerceSDET:117 - ************* cloding browser *****************
2025-08-22 14:56:44,884  INFO [main] nopCommerceSDET:62 - ************* Launching Browser *****************
2025-08-22 14:56:47,943  INFO [main] nopCommerceSDET:69 - ************* Opening URL  *****************
2025-08-22 14:56:53,696  INFO [main] nopCommerceSDET:77 - ************* Prvding user and password *****************
2025-08-22 14:56:56,937  INFO [main] nopCommerceSDET:85 - ************* click on login *****************
2025-08-22 14:57:03,964  INFO [main] nopCommerceSDET:128 - ********* Verifying Dashboad page title after login successful **************
2025-08-22 14:57:06,980  INFO [main] nopCommerceSDET:135 - ********* Clicking on customer main menu **************
2025-08-22 14:57:09,095  INFO [main] nopCommerceSDET:142 - ********* Clicking on customer sub menu **************
2025-08-22 14:57:09,925  INFO [main] nopCommerceSDET:213 - ********* Searching customer details by Name **************
2025-08-22 14:57:13,774  INFO [main] nopCommerceSDET:117 - ************* cloding browser *****************
2025-08-22 14:57:18,987  INFO [main] nopCommerceSDET:62 - ************* Launching Browser *****************
2025-08-22 14:57:21,988  INFO [main] nopCommerceSDET:69 - ************* Opening URL  *****************
2025-08-22 14:57:26,654  INFO [main] nopCommerceSDET:77 - ************* Prvding user and password *****************
2025-08-22 14:57:29,883  INFO [main] nopCommerceSDET:85 - ************* click on login *****************
2025-08-22 14:57:35,351  INFO [main] nopCommerceSDET:128 - ********* Verifying Dashboad page title after login successful **************
2025-08-22 14:57:38,359  INFO [main] nopCommerceSDET:135 - ********* Clicking on customer main menu **************
2025-08-22 14:57:40,451  INFO [main] nopCommerceSDET:142 - ********* Clicking on customer sub menu **************
2025-08-22 14:57:41,448  INFO [main] nopCommerceSDET:213 - ********* Searching customer details by Name **************
2025-08-22 14:57:45,319  INFO [main] nopCommerceSDET:117 - ************* cloding browser *****************
2025-08-23 16:07:43,577  INFO [main] nopCommerceSDET:65 - ************* Launching Browser *****************
2025-08-23 16:07:46,615  INFO [main] nopCommerceSDET:72 - ************* Opening URL  *****************
2025-08-23 16:07:51,447  INFO [main] nopCommerceSDET:80 - ************* Prvding user and password *****************
2025-08-23 16:07:54,690  INFO [main] nopCommerceSDET:88 - ************* click on login *****************
2025-08-23 16:08:01,187  INFO [main] nopCommerceSDET:131 - ********* Verifying Dashboad page title after login successful **************
2025-08-23 16:21:40,505  INFO [main] nopCommerceSDET:65 - ************* Launching Browser *****************
2025-08-23 16:21:43,542  INFO [main] nopCommerceSDET:72 - ************* Opening URL  *****************
2025-08-23 16:21:48,216  INFO [main] nopCommerceSDET:80 - ************* Prvding user and password *****************
2025-08-23 16:21:51,452  INFO [main] nopCommerceSDET:88 - ************* click on login *****************
2025-08-23 16:21:56,617  INFO [main] nopCommerceSDET:131 - ********* Verifying Dashboad page title after login successful **************
2025-08-23 16:24:32,848  INFO [main] nopCommerceSDET:65 - ************* Launching Browser *****************
2025-08-23 16:24:35,958  INFO [main] nopCommerceSDET:72 - ************* Opening URL  *****************
2025-08-23 16:24:40,594  INFO [main] nopCommerceSDET:80 - ************* Prvding user and password *****************
2025-08-23 16:24:44,112  INFO [main] nopCommerceSDET:88 - ************* click on login *****************
2025-08-23 16:24:50,146  INFO [main] nopCommerceSDET:131 - ********* Verifying Dashboad page title after login successful **************
2025-08-23 16:29:33,055  INFO [main] nopCommerceSDET:65 - ************* Launching Browser *****************
2025-08-23 16:29:36,088  INFO [main] nopCommerceSDET:72 - ************* Opening URL  *****************
2025-08-23 16:29:40,692  INFO [main] nopCommerceSDET:80 - ************* Prvding user and password *****************
2025-08-23 16:29:43,922  INFO [main] nopCommerceSDET:88 - ************* click on login *****************
2025-08-23 16:29:49,783  INFO [main] nopCommerceSDET:131 - ********* Verifying Dashboad page title after login successful **************
2025-08-23 16:30:15,158  INFO [main] nopCommerceSDET:182 - ********* Saving customer details **************
2025-08-23 16:30:21,264  INFO [main] nopCommerceSDET:120 - ************* cloding browser *****************
2025-08-24 15:07:55,547  INFO [main] nopCommerceSDET:63 - ************* Launching Browser *****************
2025-08-24 15:07:58,586  INFO [main] nopCommerceSDET:70 - ************* Opening URL  *****************
2025-08-24 15:08:03,275  INFO [main] nopCommerceSDET:78 - ************* Prvding user and password *****************
2025-08-24 15:08:06,535  INFO [main] nopCommerceSDET:86 - ************* click on login *****************
2025-08-24 15:08:12,396  INFO [main] nopCommerceSDET:129 - ********* Verifying Dashboad page title after login successful **************
2025-08-24 15:10:42,468  INFO [main] nopCommerceSDET:63 - ************* Launching Browser *****************
2025-08-24 15:10:45,511  INFO [main] nopCommerceSDET:70 - ************* Opening URL  *****************
2025-08-24 15:10:50,140  INFO [main] nopCommerceSDET:78 - ************* Prvding user and password *****************
2025-08-24 15:10:53,394  INFO [main] nopCommerceSDET:86 - ************* click on login *****************
2025-08-24 15:10:59,439  INFO [main] nopCommerceSDET:129 - ********* Verifying Dashboad page title after login successful **************
2025-08-24 15:11:23,021  INFO [main] nopCommerceSDET:180 - ********* Saving customer details **************
2025-08-24 15:11:29,431  INFO [main] nopCommerceSDET:118 - ************* cloding browser *****************
2025-08-25 13:09:17,640  INFO [main] nopCommerceSDET:63 - ************* Launching Browser *****************
2025-08-25 13:09:20,667  INFO [main] nopCommerceSDET:70 - ************* Opening URL  *****************
2025-08-25 13:09:25,098  INFO [main] nopCommerceSDET:78 - ************* Prvding user and password *****************
2025-08-25 13:09:28,333  INFO [main] nopCommerceSDET:86 - ************* click on login *****************
2025-08-25 13:09:33,695  INFO [main] nopCommerceSDET:129 - ********* Verifying Dashboad page title after login successful **************
2025-08-25 13:09:57,983  INFO [main] nopCommerceSDET:180 - ********* Saving customer details **************
2025-08-25 13:10:04,631  INFO [main] nopCommerceSDET:118 - ************* cloding browser *****************
2025-08-25 13:14:24,782  INFO [main] nopCommerceSDET:63 - ************* Launching Browser *****************
2025-08-25 13:14:27,838  INFO [main] nopCommerceSDET:70 - ************* Opening URL  *****************
2025-08-25 13:14:32,245  INFO [main] nopCommerceSDET:78 - ************* Prvding user and password *****************
2025-08-25 13:14:35,476  INFO [main] nopCommerceSDET:86 - ************* click on login *****************
2025-08-25 13:14:41,807  INFO [main] nopCommerceSDET:129 - ********* Verifying Dashboad page title after login successful **************
2025-08-25 13:24:38,633  INFO [main] nopCommerceSDET:63 - ************* Launching Browser *****************
2025-08-25 13:24:41,692  INFO [main] nopCommerceSDET:70 - ************* Opening URL  *****************
2025-08-25 13:24:47,359  INFO [main] nopCommerceSDET:78 - ************* Prvding user and password *****************
2025-08-25 13:24:50,581  INFO [main] nopCommerceSDET:86 - ************* click on login *****************
2025-08-25 13:24:55,754  INFO [main] nopCommerceSDET:129 - ********* Verifying Dashboad page title after login successful **************
2025-08-25 13:29:18,116  INFO [main] nopCommerceSDET:63 - ************* Launching Browser *****************
2025-08-25 13:29:21,166  INFO [main] nopCommerceSDET:70 - ************* Opening URL  *****************
2025-08-25 13:29:25,723  INFO [main] nopCommerceSDET:78 - ************* Prvding user and password *****************
2025-08-25 13:29:28,967  INFO [main] nopCommerceSDET:86 - ************* click on login *****************
2025-08-25 13:29:32,058  INFO [main] nopCommerceSDET:129 - ********* Verifying Dashboad page title after login successful **************
2025-08-25 13:33:59,057  INFO [main] nopCommerceSDET:63 - ************* Launching Browser *****************
2025-08-25 13:34:02,105  INFO [main] nopCommerceSDET:70 - ************* Opening URL  *****************
2025-08-25 13:34:06,854  INFO [main] nopCommerceSDET:78 - ************* Prvding user and password *****************
2025-08-25 13:34:10,079  INFO [main] nopCommerceSDET:86 - ************* click on login *****************
2025-08-25 13:34:16,260  INFO [main] nopCommerceSDET:129 - ********* Verifying Dashboad page title after login successful **************
2025-08-25 13:34:46,765  INFO [main] nopCommerceSDET:180 - ********* Saving customer details **************
2025-08-25 13:34:53,104  INFO [main] nopCommerceSDET:118 - ************* cloding browser *****************
2025-08-25 13:36:03,772  INFO [main] nopCommerceSDET:63 - ************* Launching Browser *****************
2025-08-25 13:36:06,802  INFO [main] nopCommerceSDET:70 - ************* Opening URL  *****************
2025-08-25 13:36:11,120  INFO [main] nopCommerceSDET:78 - ************* Prvding user and password *****************
2025-08-25 13:36:14,371  INFO [main] nopCommerceSDET:86 - ************* click on login *****************
2025-08-25 13:36:20,607  INFO [main] nopCommerceSDET:129 - ********* Verifying Dashboad page title after login successful **************
2025-08-25 13:36:51,098  INFO [main] nopCommerceSDET:180 - ********* Saving customer details **************
2025-08-25 13:36:57,471  INFO [main] nopCommerceSDET:118 - ************* cloding browser *****************
2025-08-26 12:55:11,284  INFO [main] nopCommerceSDET:63 - ************* Launching Browser *****************
2025-08-26 12:55:14,318  INFO [main] nopCommerceSDET:70 - ************* Opening URL  *****************
2025-08-26 12:55:19,799  INFO [main] nopCommerceSDET:78 - ************* Prvding user and password *****************
2025-08-26 12:55:23,059  INFO [main] nopCommerceSDET:86 - ************* click on login *****************
2025-08-26 12:55:31,587  INFO [main] nopCommerceSDET:129 - ********* Verifying Dashboad page title after login successful **************
2025-08-26 12:59:22,946  INFO [main] nopCommerceSDET:63 - ************* Launching Browser *****************
2025-08-26 12:59:25,999  INFO [main] nopCommerceSDET:70 - ************* Opening URL  *****************
2025-08-26 12:59:33,341  INFO [main] nopCommerceSDET:78 - ************* Prvding user and password *****************
2025-08-26 12:59:36,609  INFO [main] nopCommerceSDET:86 - ************* click on login *****************
2025-08-26 12:59:42,728  INFO [main] nopCommerceSDET:129 - ********* Verifying Dashboad page title after login successful **************
2025-08-26 13:00:13,453  INFO [main] nopCommerceSDET:180 - ********* Saving customer details **************
2025-08-26 13:00:19,841  INFO [main] nopCommerceSDET:118 - ************* cloding browser *****************
2025-08-27 18:32:22,462  INFO [main] nopCommerceSDET:63 - ************* Launching Browser *****************
2025-08-27 18:32:25,505  INFO [main] nopCommerceSDET:70 - ************* Opening URL  *****************
2025-08-27 18:32:30,492  INFO [main] nopCommerceSDET:78 - ************* Prvding user and password *****************
2025-08-27 18:32:33,788  INFO [main] nopCommerceSDET:86 - ************* click on login *****************
2025-08-27 18:32:39,090  INFO [main] nopCommerceSDET:129 - ********* Verifying Dashboad page title after login successful **************
2025-08-27 18:33:10,180  INFO [main] nopCommerceSDET:180 - ********* Saving customer details **************
2025-08-27 18:33:16,416  INFO [main] nopCommerceSDET:118 - ************* cloding browser *****************
2025-08-27 18:33:22,475  INFO [main] nopCommerceSDET:63 - ************* Launching Browser *****************
2025-08-27 18:33:25,488  INFO [main] nopCommerceSDET:70 - ************* Opening URL  *****************
2025-08-27 18:33:30,438  INFO [main] nopCommerceSDET:78 - ************* Prvding user and password *****************
2025-08-27 18:33:33,802  INFO [main] nopCommerceSDET:86 - ************* click on login *****************
2025-08-27 18:33:39,044  INFO [main] nopCommerceSDET:129 - ********* Verifying Dashboad page title after login successful **************
2025-08-27 18:34:10,598  INFO [main] nopCommerceSDET:180 - ********* Saving customer details **************
2025-08-27 18:34:16,867  INFO [main] nopCommerceSDET:118 - ************* cloding browser *****************
2025-08-27 18:34:22,707  INFO [main] nopCommerceSDET:63 - ************* Launching Browser *****************
2025-08-27 18:34:25,718  INFO [main] nopCommerceSDET:70 - ************* Opening URL  *****************
2025-08-27 18:34:31,562  INFO [main] nopCommerceSDET:78 - ************* Prvding user and password *****************
2025-08-27 18:34:34,857  INFO [main] nopCommerceSDET:86 - ************* click on login *****************
2025-08-27 18:34:40,824  INFO [main] nopCommerceSDET:129 - ********* Verifying Dashboad page title after login successful **************
2025-08-27 18:35:12,062  INFO [main] nopCommerceSDET:180 - ********* Saving customer details **************
2025-08-27 18:35:18,518  INFO [main] nopCommerceSDET:118 - ************* cloding browser *****************
2025-08-27 18:35:24,374  INFO [main] nopCommerceSDET:63 - ************* Launching Browser *****************
2025-08-27 18:35:27,379  INFO [main] nopCommerceSDET:70 - ************* Opening URL  *****************
2025-08-27 18:35:32,290  INFO [main] nopCommerceSDET:78 - ************* Prvding user and password *****************
2025-08-27 18:35:35,605  INFO [main] nopCommerceSDET:86 - ************* click on login *****************
2025-08-27 18:35:41,053  INFO [main] nopCommerceSDET:129 - ********* Verifying Dashboad page title after login successful **************
2025-08-27 18:36:12,164  INFO [main] nopCommerceSDET:180 - ********* Saving customer details **************
2025-08-27 18:36:18,628  INFO [main] nopCommerceSDET:118 - ************* cloding browser *****************
2025-08-27 18:36:24,528  INFO [main] nopCommerceSDET:63 - ************* Launching Browser *****************
2025-08-27 18:36:27,531  INFO [main] nopCommerceSDET:70 - ************* Opening URL  *****************
2025-08-27 18:36:32,093  INFO [main] nopCommerceSDET:78 - ************* Prvding user and password *****************
2025-08-27 18:36:35,473  INFO [main] nopCommerceSDET:86 - ************* click on login *****************
2025-08-27 18:36:42,575  INFO [main] nopCommerceSDET:129 - ********* Verifying Dashboad page title after login successful **************
2025-08-27 18:37:15,084  INFO [main] nopCommerceSDET:180 - ********* Saving customer details **************
2025-08-27 18:37:21,416  INFO [main] nopCommerceSDET:118 - ************* cloding browser *****************
